<?xml version="1.0" encoding="UTF-8"?>
<coverage generated="1730970430694" clover="3.2.0">
  <project timestamp="1730970430694" name="All files">
    <metrics statements="27" coveredstatements="27" conditionals="7" coveredconditionals="7" methods="7" coveredmethods="7" elements="41" coveredelements="41" complexity="0" loc="27" ncloc="27" packages="1" files="1" classes="1"/>
    <file name="index.js" path="/Users/inthenameofmercy/Desktop/netology/netology hw/classes/src/index.js">
      <metrics statements="27" coveredstatements="27" conditionals="7" coveredconditionals="7" methods="7" coveredmethods="7"/>
      <line num="3" count="8" type="stmt"/>
      <line num="4" count="8" type="stmt"/>
      <line num="5" count="8" type="stmt"/>
      <line num="6" count="8" type="stmt"/>
      <line num="8" count="8" type="cond" truecount="5" falsecount="0"/>
      <line num="9" count="1" type="stmt"/>
      <line num="12" count="7" type="stmt"/>
      <line num="14" count="7" type="cond" truecount="2" falsecount="0"/>
      <line num="15" count="1" type="stmt"/>
      <line num="22" count="1" type="stmt"/>
      <line num="23" count="1" type="stmt"/>
      <line num="24" count="1" type="stmt"/>
      <line num="30" count="1" type="stmt"/>
      <line num="31" count="1" type="stmt"/>
      <line num="32" count="1" type="stmt"/>
      <line num="38" count="1" type="stmt"/>
      <line num="39" count="1" type="stmt"/>
      <line num="40" count="1" type="stmt"/>
      <line num="46" count="2" type="stmt"/>
      <line num="47" count="1" type="stmt"/>
      <line num="48" count="1" type="stmt"/>
      <line num="54" count="1" type="stmt"/>
      <line num="55" count="1" type="stmt"/>
      <line num="56" count="1" type="stmt"/>
      <line num="62" count="1" type="stmt"/>
      <line num="63" count="1" type="stmt"/>
      <line num="64" count="1" type="stmt"/>
    </file>
  </project>
</coverage>
