<?xml version="1.0" encoding="UTF-8"?>
<coverage generated="1730971007021" clover="3.2.0">
  <project timestamp="1730971007021" name="All files">
    <metrics statements="27" coveredstatements="27" conditionals="7" coveredconditionals="7" methods="7" coveredmethods="7" elements="41" coveredelements="41" complexity="0" loc="27" ncloc="27" packages="1" files="7" classes="7"/>
    <file name="bowman.js" path="/Users/inthenameofmercy/Desktop/netology/netology hw/classes/src/bowman.js">
      <metrics statements="3" coveredstatements="3" conditionals="0" coveredconditionals="0" methods="1" coveredmethods="1"/>
      <line num="6" count="1" type="stmt"/>
      <line num="7" count="1" type="stmt"/>
      <line num="8" count="1" type="stmt"/>
    </file>
    <file name="daemon.js" path="/Users/inthenameofmercy/Desktop/netology/netology hw/classes/src/daemon.js">
      <metrics statements="3" coveredstatements="3" conditionals="0" coveredconditionals="0" methods="1" coveredmethods="1"/>
      <line num="5" count="1" type="stmt"/>
      <line num="6" count="1" type="stmt"/>
      <line num="7" count="1" type="stmt"/>
    </file>
    <file name="index.js" path="/Users/inthenameofmercy/Desktop/netology/netology hw/classes/src/index.js">
      <metrics statements="9" coveredstatements="9" conditionals="7" coveredconditionals="7" methods="1" coveredmethods="1"/>
      <line num="3" count="8" type="stmt"/>
      <line num="4" count="8" type="stmt"/>
      <line num="5" count="8" type="stmt"/>
      <line num="6" count="8" type="stmt"/>
      <line num="8" count="8" type="cond" truecount="5" falsecount="0"/>
      <line num="9" count="1" type="stmt"/>
      <line num="12" count="7" type="stmt"/>
      <line num="14" count="7" type="cond" truecount="2" falsecount="0"/>
      <line num="15" count="1" type="stmt"/>
    </file>
    <file name="magician.js" path="/Users/inthenameofmercy/Desktop/netology/netology hw/classes/src/magician.js">
      <metrics statements="3" coveredstatements="3" conditionals="0" coveredconditionals="0" methods="1" coveredmethods="1"/>
      <line num="5" count="1" type="stmt"/>
      <line num="6" count="1" type="stmt"/>
      <line num="7" count="1" type="stmt"/>
    </file>
    <file name="swordsman.js" path="/Users/inthenameofmercy/Desktop/netology/netology hw/classes/src/swordsman.js">
      <metrics statements="3" coveredstatements="3" conditionals="0" coveredconditionals="0" methods="1" coveredmethods="1"/>
      <line num="5" count="1" type="stmt"/>
      <line num="6" count="1" type="stmt"/>
      <line num="7" count="1" type="stmt"/>
    </file>
    <file name="undead.js" path="/Users/inthenameofmercy/Desktop/netology/netology hw/classes/src/undead.js">
      <metrics statements="3" coveredstatements="3" conditionals="0" coveredconditionals="0" methods="1" coveredmethods="1"/>
      <line num="5" count="2" type="stmt"/>
      <line num="6" count="1" type="stmt"/>
      <line num="7" count="1" type="stmt"/>
    </file>
    <file name="zombie.js" path="/Users/inthenameofmercy/Desktop/netology/netology hw/classes/src/zombie.js">
      <metrics statements="3" coveredstatements="3" conditionals="0" coveredconditionals="0" methods="1" coveredmethods="1"/>
      <line num="5" count="1" type="stmt"/>
      <line num="6" count="1" type="stmt"/>
      <line num="7" count="1" type="stmt"/>
    </file>
  </project>
</coverage>
