{"/Users/inthenameofmercy/Desktop/netology/netology hw/classes/src/bowman.js": {"path":"/Users/inthenameofmercy/Desktop/netology/netology hw/classes/src/bowman.js","statementMap":{"0":{"start":{"line":5,"column":4},"end":{"line":5,"column":26}},"1":{"start":{"line":6,"column":4},"end":{"line":6,"column":21}},"2":{"start":{"line":7,"column":4},"end":{"line":7,"column":22}}},"fnMap":{"0":{"name":"(anonymous_0)","decl":{"start":{"line":4,"column":2},"end":{"line":4,"column":3}},"loc":{"start":{"line":4,"column":20},"end":{"line":8,"column":3}},"line":4}},"branchMap":{},"s":{"0":1,"1":1,"2":1},"f":{"0":1},"b":{},"_coverageSchema":"1a1c01bbd47fc00a2c39e90264f33305004495a9","hash":"6559c34ded3d0143b68faff1109457969d61fef8"}
,"/Users/inthenameofmercy/Desktop/netology/netology hw/classes/src/character.js": {"path":"/Users/inthenameofmercy/Desktop/netology/netology hw/classes/src/character.js","statementMap":{"0":{"start":{"line":3,"column":4},"end":{"line":3,"column":21}},"1":{"start":{"line":4,"column":4},"end":{"line":4,"column":21}},"2":{"start":{"line":5,"column":4},"end":{"line":5,"column":22}},"3":{"start":{"line":6,"column":4},"end":{"line":6,"column":19}},"4":{"start":{"line":7,"column":4},"end":{"line":7,"column":21}},"5":{"start":{"line":8,"column":4},"end":{"line":8,"column":20}},"6":{"start":{"line":10,"column":4},"end":{"line":12,"column":5}},"7":{"start":{"line":11,"column":6},"end":{"line":11,"column":43}},"8":{"start":{"line":14,"column":18},"end":{"line":14,"column":83}},"9":{"start":{"line":16,"column":4},"end":{"line":18,"column":5}},"10":{"start":{"line":17,"column":6},"end":{"line":17,"column":52}},"11":{"start":{"line":22,"column":4},"end":{"line":29,"column":5}},"12":{"start":{"line":23,"column":6},"end":{"line":23,"column":40}},"13":{"start":{"line":25,"column":6},"end":{"line":25,"column":22}},"14":{"start":{"line":26,"column":6},"end":{"line":26,"column":25}},"15":{"start":{"line":27,"column":6},"end":{"line":27,"column":26}},"16":{"start":{"line":28,"column":6},"end":{"line":28,"column":24}},"17":{"start":{"line":33,"column":4},"end":{"line":35,"column":5}},"18":{"start":{"line":34,"column":6},"end":{"line":34,"column":55}}},"fnMap":{"0":{"name":"(anonymous_0)","decl":{"start":{"line":2,"column":2},"end":{"line":2,"column":3}},"loc":{"start":{"line":2,"column":26},"end":{"line":19,"column":3}},"line":2},"1":{"name":"(anonymous_1)","decl":{"start":{"line":21,"column":2},"end":{"line":21,"column":3}},"loc":{"start":{"line":21,"column":12},"end":{"line":30,"column":3}},"line":21},"2":{"name":"(anonymous_2)","decl":{"start":{"line":32,"column":2},"end":{"line":32,"column":3}},"loc":{"start":{"line":32,"column":17},"end":{"line":36,"column":3}},"line":32}},"branchMap":{"0":{"loc":{"start":{"line":10,"column":4},"end":{"line":12,"column":5}},"type":"if","locations":[{"start":{"line":10,"column":4},"end":{"line":12,"column":5}},{"start":{},"end":{}}],"line":10},"1":{"loc":{"start":{"line":10,"column":8},"end":{"line":10,"column":71}},"type":"binary-expr","locations":[{"start":{"line":10,"column":8},"end":{"line":10,"column":32}},{"start":{"line":10,"column":36},"end":{"line":10,"column":51}},{"start":{"line":10,"column":55},"end":{"line":10,"column":71}}],"line":10},"2":{"loc":{"start":{"line":16,"column":4},"end":{"line":18,"column":5}},"type":"if","locations":[{"start":{"line":16,"column":4},"end":{"line":18,"column":5}},{"start":{},"end":{}}],"line":16},"3":{"loc":{"start":{"line":22,"column":4},"end":{"line":29,"column":5}},"type":"if","locations":[{"start":{"line":22,"column":4},"end":{"line":29,"column":5}},{"start":{"line":24,"column":11},"end":{"line":29,"column":5}}],"line":22},"4":{"loc":{"start":{"line":33,"column":4},"end":{"line":35,"column":5}},"type":"if","locations":[{"start":{"line":33,"column":4},"end":{"line":35,"column":5}},{"start":{},"end":{}}],"line":33}},"s":{"0":11,"1":11,"2":11,"3":11,"4":11,"5":11,"6":11,"7":1,"8":10,"9":10,"10":1,"11":2,"12":1,"13":1,"14":1,"15":1,"16":1,"17":1,"18":1},"f":{"0":11,"1":2,"2":1},"b":{"0":[1,10],"1":[11,10,10],"2":[1,9],"3":[1,1],"4":[1,0]},"_coverageSchema":"1a1c01bbd47fc00a2c39e90264f33305004495a9","hash":"11f2253b73ad97da967f9653d3983f1c6c26f204"}
,"/Users/inthenameofmercy/Desktop/netology/netology hw/classes/src/daemon.js": {"path":"/Users/inthenameofmercy/Desktop/netology/netology hw/classes/src/daemon.js","statementMap":{"0":{"start":{"line":5,"column":4},"end":{"line":5,"column":26}},"1":{"start":{"line":6,"column":4},"end":{"line":6,"column":21}},"2":{"start":{"line":7,"column":4},"end":{"line":7,"column":22}}},"fnMap":{"0":{"name":"(anonymous_0)","decl":{"start":{"line":4,"column":2},"end":{"line":4,"column":3}},"loc":{"start":{"line":4,"column":20},"end":{"line":8,"column":3}},"line":4}},"branchMap":{},"s":{"0":2,"1":2,"2":2},"f":{"0":2},"b":{},"_coverageSchema":"1a1c01bbd47fc00a2c39e90264f33305004495a9","hash":"b37330a623bd221e195005446cb2629e3e640b4f"}
,"/Users/inthenameofmercy/Desktop/netology/netology hw/classes/src/magician.js": {"path":"/Users/inthenameofmercy/Desktop/netology/netology hw/classes/src/magician.js","statementMap":{"0":{"start":{"line":5,"column":4},"end":{"line":5,"column":28}},"1":{"start":{"line":6,"column":4},"end":{"line":6,"column":21}},"2":{"start":{"line":7,"column":4},"end":{"line":7,"column":22}}},"fnMap":{"0":{"name":"(anonymous_0)","decl":{"start":{"line":4,"column":2},"end":{"line":4,"column":3}},"loc":{"start":{"line":4,"column":20},"end":{"line":8,"column":3}},"line":4}},"branchMap":{},"s":{"0":1,"1":1,"2":1},"f":{"0":1},"b":{},"_coverageSchema":"1a1c01bbd47fc00a2c39e90264f33305004495a9","hash":"f5bf2b1f4584cbb771533a1b07cf6a44c3de03fa"}
,"/Users/inthenameofmercy/Desktop/netology/netology hw/classes/src/swordsman.js": {"path":"/Users/inthenameofmercy/Desktop/netology/netology hw/classes/src/swordsman.js","statementMap":{"0":{"start":{"line":5,"column":4},"end":{"line":5,"column":29}},"1":{"start":{"line":6,"column":4},"end":{"line":6,"column":21}},"2":{"start":{"line":7,"column":4},"end":{"line":7,"column":22}}},"fnMap":{"0":{"name":"(anonymous_0)","decl":{"start":{"line":4,"column":2},"end":{"line":4,"column":3}},"loc":{"start":{"line":4,"column":20},"end":{"line":8,"column":3}},"line":4}},"branchMap":{},"s":{"0":2,"1":2,"2":2},"f":{"0":2},"b":{},"_coverageSchema":"1a1c01bbd47fc00a2c39e90264f33305004495a9","hash":"05a7d03ea366500a4c7ab8825018630d4ff5b572"}
,"/Users/inthenameofmercy/Desktop/netology/netology hw/classes/src/undead.js": {"path":"/Users/inthenameofmercy/Desktop/netology/netology hw/classes/src/undead.js","statementMap":{"0":{"start":{"line":5,"column":4},"end":{"line":5,"column":26}},"1":{"start":{"line":6,"column":4},"end":{"line":6,"column":21}},"2":{"start":{"line":7,"column":4},"end":{"line":7,"column":22}}},"fnMap":{"0":{"name":"(anonymous_0)","decl":{"start":{"line":4,"column":2},"end":{"line":4,"column":3}},"loc":{"start":{"line":4,"column":20},"end":{"line":8,"column":3}},"line":4}},"branchMap":{},"s":{"0":2,"1":1,"2":1},"f":{"0":2},"b":{},"_coverageSchema":"1a1c01bbd47fc00a2c39e90264f33305004495a9","hash":"def9e37f0b47e2f74f1a9281dc05e36224a1ff03"}
,"/Users/inthenameofmercy/Desktop/netology/netology hw/classes/src/zombie.js": {"path":"/Users/inthenameofmercy/Desktop/netology/netology hw/classes/src/zombie.js","statementMap":{"0":{"start":{"line":5,"column":4},"end":{"line":5,"column":26}},"1":{"start":{"line":6,"column":4},"end":{"line":6,"column":21}},"2":{"start":{"line":7,"column":4},"end":{"line":7,"column":22}}},"fnMap":{"0":{"name":"(anonymous_0)","decl":{"start":{"line":4,"column":2},"end":{"line":4,"column":3}},"loc":{"start":{"line":4,"column":20},"end":{"line":8,"column":3}},"line":4}},"branchMap":{},"s":{"0":2,"1":2,"2":2},"f":{"0":2},"b":{},"_coverageSchema":"1a1c01bbd47fc00a2c39e90264f33305004495a9","hash":"f0e752a0a3b4462037cb43eb417a9dd9d540034f"}
}
