TN:
SF:src/index.js
FN:2,(anonymous_0)
FN:21,(anonymous_1)
FN:29,(anonymous_2)
FN:37,(anonymous_3)
FN:45,(anonymous_4)
FN:53,(anonymous_5)
FN:61,(anonymous_6)
FNF:7
FNH:7
FNDA:8,(anonymous_0)
FNDA:1,(anonymous_1)
FNDA:1,(anonymous_2)
FNDA:1,(anonymous_3)
FNDA:2,(anonymous_4)
FNDA:1,(anonymous_5)
FNDA:1,(anonymous_6)
DA:3,8
DA:4,8
DA:5,8
DA:6,8
DA:8,8
DA:9,1
DA:12,7
DA:14,7
DA:15,1
DA:22,1
DA:23,1
DA:24,1
DA:30,1
DA:31,1
DA:32,1
DA:38,1
DA:39,1
DA:40,1
DA:46,2
DA:47,1
DA:48,1
DA:54,1
DA:55,1
DA:56,1
DA:62,1
DA:63,1
DA:64,1
LF:27
LH:27
BRDA:8,0,0,1
BRDA:8,0,1,7
BRDA:8,1,0,8
BRDA:8,1,1,7
BRDA:8,1,2,7
BRDA:14,2,0,1
BRDA:14,2,1,6
BRF:7
BRH:7
end_of_record
